<?xml version="1.0" encoding="UTF-8"?>
<testsuite name="com.bridgelabz.findmaximum.main.FindMaximumTest" tests="1" skipped="0" failures="0" errors="0" timestamp="2020-06-21T20:58:07" hostname="saurabh3250" time="0.002">
  <properties/>
  <testcase name="passArrayOfFloat_PutMaxNumberAtSecondPosition_ShouldReturnMaxNumber" classname="com.bridgelabz.findmaximum.main.FindMaximumTest" time="0.002"/>
  <system-out><![CDATA[]]></system-out>
  <system-err><![CDATA[]]></system-err>
</testsuite>
